100 50 119
500000 500000 152
83921 15694 351
14278 42576 324
80697 75624 351
79144 63059 351
84459 63020 351
99674 45804 351
8131 20097 279
25718 82530 351
95363 3754 351
3327 71570 340
71008 74111 325
31074 52822 340
47862 32393 324
26808 4692 308
91803 74202 351
61096 28960 340
46065 10023 324
7465 98767 351
96981 74308 351
82853 56697 351
2069 68026 340
88730 61674 351
4895 39207 324
3770 36453 324
71380 85842 351
53842 60789 322
72027 32873 340
11559 71922 340
69809 70777 312
23580 79468 351
50494 1865 324
58800 34200 340
97668 49300 351
2149 66452 340
61297 19681 340
61627 53144 335
35219 68864 340
28507 99610 351
64555 81923 351
2480 99102 351
54010 22775 340
4623 31673 308
35128 74558 340
98807 73504 351
95491 58027 351
72115 6482 340
44597 3577 324
90333 15614 351
61070 86663 351
89405 76434 351
19376 9268 279
29615 49378 324
67786 76755 325
66946 96209 351
65740 12171 340
95804 6655 351
25465 25070 264
34427 7119 311
10107 90868 351
65206 86324 351
22128 86643 351
76930 67384 325
86977 91069 333
68849 69800 299
82292 65526 351
60469 43871 340
2327 76369 340
32963 65293 340
44189 42214 288
47826 17699 324
51078 73682 340
47522 46526 314
81142 1386 351
52377 56238 340
13127 76637 340
9352 82946 351
69434 7366 340
3181 39890 324
90153 7147 351
64274 35145 340
73048 2421 340
80786 8588 351
36010 95884 351
80828 6955 351
32464 57198 340
48240 22755 324
47516 35307 324
27558 98766 351
15380 13280 271
24238 49288 324
50497 30031 324
50034 62 324
20519 24567 282
11447 32725 308
69679 6837 340
58498 69813 335
92064 54455 351
22200 78160 351
49261 52376 309
70494 35730 340
127496 31709 354
148031 181446 383
188243 12331 383
188684 111555 383
64599 32643 340
64221 146034 375
195854 2236 383
83350 48157 351
108442 187963 383
124325 51381 354
169113 81681 383
179047 14592 383
3728 47792 324
78762 126237 354
88196 185163 383
181133 64949 383
89063 45194 351
130884 195904 383
108848 56551 354
96376 12337 351
106243 100264 354
42955 179456 383
60688 11449 340
197625 39761 383
172024 75301 383
1242 118278 354
113769 7345 354
160580 149726 383
14410 107093 354
140685 2440 354
45714 197528 383
25197 60552 340
69107 6983 340
197250 80901 383
196020 87761 383
102702 118444 354
162269 121666 383
62875 158405 383
118283 75546 354
198623 156112 383
108259 93385 354
141306 3611 354
20643 19914 243
135804 67427 354
69780 195033 383
135556 72356 354
182620 104594 383
119395 52928 354
6512 89640 351
147294 75080 375
8614 126718 354
58898 152553 375
176680 127589 383
133426 114677 349
122885 137971 344
108908 14157 354
61281 153724 375
28971 14377 308
153485 82800 375
117749 156612 383
140465 189265 383
144052 181670 383
62054 100047 351
113297 69071 354
29344 140545 354
88252 113981 354
53128 171394 383
186440 104795 383
81256 124582 354
162740 67142 383
113088 132440 349
30341 92092 351
22390 30033 308
75022 59491 335
34025 131383 354
115218 188852 383
141670 116624 344
15616 164866 383
124595 143265 375
70236 94187 351
190025 129895 383
79103 133722 354
131552 170929 383
121397 150645 375
738 26584 282
51012 83114 351
194113 138973 383
11532 135121 354
119460 157661 383
116746 54846 354
80124 6387 351
155958 27239 375
171958 73834 383
25933 85612 351
29513 181661 383
7721 84423 351
75246 78830 351
19787 52817 340
92688 163007 383
923 233709 443
113497 242032 443
180230 205846 365
155244 29685 375
145734 21633 375
150129 84051 375
146112 206350 383
120202 252408 443
239239 125777 443
202341 109236 383
52606 263223 443
118442 60727 354
288250 127287 443
130580 207624 383
273957 135606 443
55836 208928 383
237503 135095 443
721 191009 383
142079 44669 354
66148 240502 443
257336 76894 443
576 75592 340
297143 49255 443
81751 35993 351
99912 182502 383
168183 138177 383
39800 1880 324
194267 151043 383
253300 136847 443
96318 80364 333
19921 299231 443
170666 22919 383
20869 76869 340
154863 148991 370
194899 84084 383
241071 161554 443
202436 110686 383
197397 59150 383
195888 265468 443
239782 210636 443
169181 164890 352
295056 286726 389
115678 289570 443
140672 32181 354
258652 245667 363
272464 235083 407
169714 218557 386
269564 101034 443
124018 126572 318
154581 265919 443
191525 19023 383
81903 175519 383
139792 222580 386
41301 119996 354
2290 171618 383
206653 105091 383
241193 176418 443
294709 103638 443
166101 281546 443
107836 275329 443
134644 298823 443
260366 212283 443
134605 260199 443
168759 260635 443
85960 86753 302
184489 13748 383
285242 176353 443
72777 278159 443
101374 47508 351
106595 134403 349
280063 139820 443
65470 240372 443
76594 207984 383
109449 80517 354
26528 88100 351
235029 215515 443
200610 177360 365
237277 67023 443
271301 279887 389
296511 212175 443
282221 36503 443
239631 43923 443
92149 31744 351
237185 63159 443
115060 148850 375
277219 60538 443
176699 34479 383
144877 51825 375
91771 283322 443
44881 227656 386
164772 94019 383
192173 57142 383
33160 58417 340
171071 81276 383
192831 196106 360
4664 108859 354
106659 121538 349
207465 69551 383
64347 27229 340
30266 125643 354
143284 255586 443
391962 360242 436
31499 167327 383
235536 74479 443
50472 303731 443
385648 256178 441
98309 120732 354
25609 136424 354
308780 235614 407
335195 392565 441
163902 383692 443
72678 379537 443
139151 334646 443
165405 63164 383
184943 316847 443
257145 142559 443
326660 79673 443
197291 231937 443
191827 68495 383
149865 100770 375
44893 305039 443
46698 332216 443
367846 149059 443
353644 331587 441
251217 312587 407
247410 120975 443
371623 287080 441
278668 370310 441
59190 257255 443
308686 240815 407
41174 398504 443
381154 340935 441
223431 108298 386
276666 274426 345
93878 108532 354
7133 34238 308
359006 297539 441
293091 4685 443
296395 235595 407
335484 348221 441
82106 271244 443
294314 148925 443
17181 222707 386
211983 171246 373
94394 107721 354
326496 212699 443
319347 88380 443
305273 193943 443
204832 196488 342
183691 76274 383
382488 38338 443
178160 315607 443
255951 99905 443
77087 305093 443
39193 391593 443
55355 252392 443
212877 164117 373
324934 181076 443
333829 121185 443
5619 284509 443
249537 154513 443
290200 340245 384
247083 267105 407
327106 317411 384
280885 198121 443
4579 272572 443
211806 192621 373
202534 61185 383
314964 272447 389
227427 70005 386
317236 169937 443
361774 77017 443
139885 281435 443
299274 6054 443
289346 151077 443
24635 161255 383
3182 350578 443
259001 272304 407
119009 233865 443
150720 65214 375
31145 33760 285
257157 258093 332
254188 115048 443
52867 57296 322
8721 397168 443
308722 37424 443
8959 332854 443
242137 312484 407
113533 7697 354
275131 272906 358
2233 139060 354
172525 30879 383
266596 14367 443
179463 371457 443
222586 214056 386
4729 139582 354
265887 44066 443
202837 384184 443
188069 79623 383
36970 234327 443
379275 222567 443
161969 480299 449
258239 393133 441
466912 119581 449
376035 454858 449
162427 403953 443
254957 402497 441
224651 178907 386
146761 350286 443
418823 306842 449
432922 194996 449
270062 383925 441
310493 430977 449
476887 32177 449
361358 115520 443
128832 445868 449
421700 218779 449
300706 232185 407
126071 203370 383
369158 222904 443
25986 301372 443
83121 134961 354
90115 178401 383
177754 404653 443
53408 401331 443
110396 149682 375
236643 13279 443
91974 257881 443
116486 119059 336
49904 466765 449
399210 13669 443
172105 176514 347
484577 52157 449
121003 250031 443
489388 269664 449
44592 15881 324
366046 22299 443
51454 162782 383
219999 148456 386
240989 376587 441
375564 453728 449
30890 368026 443
193948 319261 443
72804 109340 354
464958 486378 413
42179 479 324
289214 200330 443
379688 174892 443
458054 468322 444
419920 150879 449
167201 460516 449
152386 475204 449
361083 210809 443
257896 234763 368
333540 493130 449
379514 363687 423
336723 108362 443
440757 95272 449
46055 395076 443
365323 332467 441
449481 115548 449
98196 140027 354
210957 312549 443
487587 178879 449
47927 360063 443
373075 403936 436
95771 493002 449
438400 488764 444
230365 209003 386
355186 445644 449
238678 476442 449
365011 370166 392
270456 357030 441
123746 245072 443
244489 315173 407
161312 118930 383
462091 216188 449
68744 72662 325
373820 422344 449
439452 182383 449
288249 394630 441
206234 312899 443
412861 214149 449
206317 460295 449
131975 340806 443
84544 427158 449
45498 441581 449
478765 393356 449
456415 221703 449
105844 481765 449
274821 394999 441
398951 364301 436
95240 282015 443
322 89124 351
284686 144551 443
158104 181744 370
252526 244141 350
395176 537311 470
41964 223114 386
464046 523735 470
599519 127133 470
434806 43228 449
388564 355414 423
354380 266718 441
144075 584161 470
238831 157339 443
169535 196652 365
98148 567672 470
132356 335703 443
115814 12024 354
74824 80823 351
47739 441686 449
374523 306183 441
253921 134981 443
200075 59629 383
534375 390914 470
154696 168548 383
527257 98002 470
457319 545610 470
207636 295197 443
285922 360392 441
546871 169319 470
15356 440921 449
514682 249959 470
516003 528505 439
155288 340678 443
20206 276204 443
134056 393717 443
16709 462121 449
140554 130859 344
290975 229473 443
4412 285050 443
519334 571823 452
347852 245709 441
212856 4893 383
322344 10304 443
327559 50896 443
23249 315996 443
598752 378194 470
540526 369198 470
508425 474810 426
69693 556098 470
271938 97402 443
149540 305025 443
528174 341957 470
598566 37796 470
373004 147163 443
126705 494996 449
472477 184242 449
256084 64288 443
498282 20610 449
505101 295514 449
570782 250221 470
4608 327311 443
231438 211018 443
237444 19936 443
562394 206861 470
494808 456897 444
467563 74580 449
25843 461582 449
453980 310544 449
313913 20101 443
8565 35790 324
306313 584484 470
90578 135329 354
392179 367328 436
84514 153198 375
65223 469759 449
162763 83348 383
278985 372946 441
195819 412022 449
533120 311379 470
166202 300902 443
345389 271703 389
195851 244719 443
464025 370799 449
466673 427647 444
60424 27233 340
291902 454767 449
141449 547262 470
530855 68081 470
491759 192352 449
227907 360085 443
128986 373954 443
539954 519544 408
238638 395132 441
52186 328073 443
470694 49753 449
568141 23481 470
4033 269783 443
229895 29567 386
93658 547578 470
198291 543813 470
528213 252045 470
540364 572146 452
566421 308438 470
148705 330453 443
386251 594709 470
259538 448363 449
411754 344537 449
298103 109293 443
383029 557023 470
69632 576025 470
100697 12007 351
22295 694458 509
546583 131829 470
480994 545975 470
628025 268961 509
161828 139286 383
687622 593756 509
445699 48491 449
128017 602528 470
609220 487169 470
339692 521586 470
257394 7491 443
608058 130294 470
286174 151527 443
515649 261071 470
416832 310231 449
60990 9266 340
515708 510430 470
115091 268005 443
500704 548940 470
140892 510298 449
122250 513190 470
238047 629122 509
408966 12493 443
137153 328528 443
463572 95561 449
456821 253259 449
231976 339953 407
457807 57838 449
422603 500282 444
676535 150272 509
123711 99898 354
199097 543500 470
100512 411895 449
525433 463452 470
323814 445393 449
123012 119191 336
207911 501289 449
341346 184564 443
66297 682733 509
582888 569113 390
555989 314305 470
194858 393653 443
458327 482635 444
228557 56726 386
453698 268954 449
417690 464935 444
408641 290772 441
598894 515594 452
505544 281915 449
587886 238350 470
390296 404220 405
243864 103661 443
255169 58484 443
307445 556741 470
681922 115774 509
438059 634033 509
426412 559837 470
261039 62723 443
10788 82755 351
141207 104288 354
268967 604796 470
561358 347736 470
140041 413146 449
416992 14048 449
187510 2973 383
482485 533550 470
610073 251486 470
358523 658096 509
526107 439065 470
148155 161130 383
366626 405 443
647406 602218 509
511035 583090 470
583017 250729 470
256755 144397 443
228115 93633 386
474943 211954 449
55927 469701 449
694331 557855 509
239829 438722 449
628943 428977 509
610866 429008 470
572174 467566 470
254352 501524 449
192152 672526 509
232249 463638 449
77952 474438 449
236245 120793 443
624071 606482 447
146779 12700 375
669511 527711 509
218275 354061 443
456748 348530 449
96442 557317 470
770300 413048 509
366799 617795 470
257464 382763 441
753834 104137 509
780346 314750 509
759196 622861 509
641758 488070 509
92402 594941 470
115005 675077 509
472707 51859 449
582677 99475 470
707433 304656 509
618308 791659 509
73164 361943 443
650995 582863 509
138969 287721 443
246992 436249 449
97746 663545 509
30067 317792 443
556352 230956 470
167650 117699 383
538435 254831 470
237616 669269 509
700682 91252 509
209472 711845 509
464989 79946 449
667815 279784 509
734807 560023 509
712111 665541 504
329522 473205 449
604536 793021 509
568891 786919 509
747066 470838 509
530148 637687 509
636837 23586 509
350968 109165 443
133737 310864 443
239081 20269 443
763345 188239 509
144965 270638 443
213130 603898 470
742983 563475 509
493698 438693 444
615562 744296 509
784108 702435 504
378328 260730 441
330080 429297 449
159265 728786 509
494622 16066 449
626055 420944 470
87923 442535 449
41366 266721 443
766772 216731 509
186257 507101 449
21607 239144 443
557543 54015 470
163330 539898 470
80581 295938 443
43979 673790 509
588229 362452 470
464478 143159 449
485316 736889 509
445773 312349 449
350417 602495 470
264033 323249 407
239681 41242 443
519935 201506 470
340703 369627 441
200614 745749 509
763200 433937 509
168853 65685 383
179253 487100 449
395914 6039 443
531291 100394 470
385700 13096 443
136652 730161 509
79466 376629 443
160248 72200 383
195300 16375 383
586894 417218 470
319463 143609 443
349331 791655 509
34671 416455 449
6550 164528 383
589348 57909 470
109050 260703 443
370687 540745 470
622962 505145 470
552454 449222 470
639116 760737 504
66355 479318 449
467300 715987 509
267635 732754 509
622457 75193 470
68298 222513 386
475644 38765 449
579987 522412 452
431748 390636 449
508197 648330 509
243199 212275 443
288146 213293 443
481923 537049 470
842921 887191 445
809059 651465 504
351291 442970 449
330045 171802 443
572346 545499 452
141200 343596 443
493502 382402 449
845962 21249 525
619521 351617 470
383328 698102 509
811882 626527 504
838903 895517 445
630375 548319 509
335167 337945 366
513107 167922 470
625311 899572 525
596887 667189 509
731115 571456 509
771117 823080 468
311506 828136 509
868671 516333 525
458932 266867 449
241870 90041 443
566257 26293 470
521039 871034 525
440380 199089 449
408143 534629 470
404623 211118 443
118519 570747 470
368184 541013 470
778507 691287 504
716113 239524 509
186797 200087 360
679086 258515 509
878239 224132 525
385135 462433 449
618245 29791 470
402132 55929 443
11432 557098 470
286800 169447 443
43990 797105 509
600567 779856 509
664359 362707 509
135441 735283 509
90427 775313 509
392080 518203 470
409247 196465 443
565054 799198 509
494063 161391 449
290800 660981 509
204757 503969 449
334807 822615 509
366095 371845 392
873333 305172 525
305423 581514 470
210700 809612 509
544444 238968 470
321746 391658 441
176405 232093 443
113025 863040 525
597078 62388 470
591275 148384 470
232595 540980 470
866026 826227 525
515553 344914 470
711925 690042 504
132052 718100 509
180815 284128 443
101315 193268 383
79738 352184 443
619656 79085 470
341289 800055 509
175043 519845 470
287667 814992 509
848958 274678 525
31779 796873 509
316587 699546 509
315403 808375 509
179722 125779 383
130521 805626 509
719623 889653 525
816930 55959 509
678016 582065 509
236347 766286 509
787652 406814 509
597095 867703 525
80438 33574 351
505995 851646 525
869937 188682 525
667325 805784 504
176773 649843 509
766266 799265 468
838498 82858 525
714445 363802 509
631823 813910 504
374726 381747 423
644706 353692 509
189740 487090 449
774090 967696 525
903135 266240 525
967791 702241 525
43217 126269 354
914236 895277 476
499068 806549 509
422601 414465 387
101138 269829 443
770561 996724 525
356202 502374 449
769209 278398 509
16839 877598 525
936314 621643 525
845846 887658 445
282011 684765 509
931538 678725 525
957169 20491 525
594424 414322 470
898244 219945 525
267964 360095 441
605112 470865 470
798369 3763 509
808912 626169 509
392885 821973 509
85532 305071 443
368374 615375 470
264093 318170 407
647020 520940 509
549369 366376 470
419381 12526 449
652865 688354 442
110683 659036 509
955895 892860 507
457254 145868 449
445247 93319 449
27685 811172 509
924605 546287 525
667298 409195 509
548423 690180 509
642048 155353 509
849233 524754 525
77530 93263 338
685691 582414 509
141728 247808 443
188629 845192 525
499675 975088 525
764002 959248 525
371044 177056 443
413250 335903 449
477938 852917 525
954313 862811 507
443553 311988 449
461284 631554 509
252487 623612 470
325558 188534 443
373567 809026 509
196755 519283 470
746914 890206 525
566505 735657 509
245488 260994 363
41826 426946 449
498505 22899 449
205431 127105 383
73469 392513 443
696595 846625 525
954357 471953 525
420200 177374 449
381222 669914 509
156552 76451 383
257736 502407 449
452954 405879 449
323373 736962 509
570427 924188 525
910887 484961 525
860914 98397 525
838761 722551 525
508648 898477 525
165167 250158 443
799548 702042 504
790116 715624 468
934919 960691 507
68509 268396 443
371526 959054 525
848975 611406 525
360576 25633 443
495798 880384 525
383 913844 525
592186 414074 470
975086 409273 525
986451 289462 525
270385 840047 525
670811 366036 509
463835 735629 509
253055 92739 443
46178 863317 525
982431 556853 525
13070 776425 509
830706 962701 525
416035 831341 509
444216 212511 449
1 999999 525
